<?xml version="1.0" encoding="UTF-8"?>
<!-- Generated by org.testng.reporters.JUnitReportReporter -->
<testsuite hostname="SLB-F3QB2X2" failures="0" tests="4" name="Sec14_114_JavaStreams" time="0.024" errors="0" timestamp="2022-01-15T15:53:41 IST" skipped="0">
  <testcase classname="Sec14_114_JavaStreams" name="getOutput" time="0.007"/>
  <system-out/>
  <testcase classname="Sec14_114_JavaStreams" name="streamMap" time="0.009"/>
  <system-out/>
  <testcase classname="Sec14_114_JavaStreams" name="streamFilter" time="0.003"/>
  <system-out/>
  <testcase classname="Sec14_114_JavaStreams" name="streamCollect" time="0.005"/>
  <system-out/>
</testsuite> <!-- Sec14_114_JavaStreams -->
